<?xml version="1.0" encoding="UTF-8"?>
<!-- Generated by org.testng.reporters.JUnitReportReporter -->
<testsuite hostname="Kumars-MacBook-Air.local" failures="0" tests="3" name="com.apitest.tests.TodoUpdateTest" time="3.710" errors="0" timestamp="2025-03-16T17:41:13 IST" skipped="0">
  <testcase classname="com.apitest.tests.TodoUpdateTest" name="testUpdateTodoWithInvalidData" time="1.583"/>
  <system-out/>
  <testcase classname="com.apitest.tests.TodoUpdateTest" name="testUpdateTodoFullUpdate" time="1.049"/>
  <system-out/>
  <testcase classname="com.apitest.tests.TodoUpdateTest" name="testUpdateNonExistentTodo" time="1.078"/>
  <system-out/>
</testsuite> <!-- com.apitest.tests.TodoUpdateTest -->
