<?xml version="1.0" encoding="UTF-8"?>
<!-- Generated by org.testng.reporters.JUnitReportReporter -->
<testsuite hostname="Kumars-MacBook-Air.local" failures="0" tests="4" name="com.apitest.tests.TodoTest" time="2.612" errors="0" timestamp="2025-03-16T17:41:13 IST" skipped="0">
  <testcase classname="com.apitest.tests.TodoTest" name="testGetNonExistentTodo" time="0.481"/>
  <system-out/>
  <testcase classname="com.apitest.tests.TodoTest" name="testGetTodoById" time="0.497"/>
  <system-out/>
  <testcase classname="com.apitest.tests.TodoTest" name="testGetAllTodos" time="1.166"/>
  <system-out/>
  <testcase classname="com.apitest.tests.TodoTest" name="testGetTodosByUserId" time="0.468"/>
  <system-out/>
</testsuite> <!-- com.apitest.tests.TodoTest -->
