<?xml version="1.0" encoding="UTF-8"?>
<!-- Generated by org.testng.reporters.JUnitReportReporter -->
<testsuite hostname="Kumars-MacBook-Air.local" failures="0" tests="3" name="com.apitest.tests.TodoCreateTest" time="2.585" errors="0" timestamp="2025-03-16T17:41:13 IST" skipped="0">
  <testcase classname="com.apitest.tests.TodoCreateTest" name="testCreateTodoWithValidData" time="0.745"/>
  <system-out/>
  <testcase classname="com.apitest.tests.TodoCreateTest" name="testCreateTodoWithEmptyTitle" time="1.274"/>
  <system-out/>
  <testcase classname="com.apitest.tests.TodoCreateTest" name="testCreateTodoWithMissingRequiredFields" time="0.566"/>
  <system-out/>
</testsuite> <!-- com.apitest.tests.TodoCreateTest -->
